<?xml version="1.0" encoding="UTF-8"?>
<!-- Generated by org.testng.reporters.JUnitReportReporter -->
<testsuite skipped="0" hostname="DESKTOP-13JHKE9" name="tests.BaseTest" tests="1" failures="0" timestamp="15 мар 2018 15:02:46 GMT" time="38.255" errors="0">
  <testcase name="googleSearch" time="38.255" classname="tests.BaseTest"/>
</testsuite> <!-- tests.BaseTest -->
