<?xml version="1.0" encoding="UTF-8"?>
<!-- Generated by org.testng.reporters.JUnitReportReporter -->
<testsuite skipped="0" hostname="DESKTOP-13JHKE9" name="tests.googleTest.RubyTest" tests="1" failures="0" timestamp="16 мар 2018 09:29:23 GMT" time="2.803" errors="0">
  <testcase name="googleSearch" time="2.803" classname="tests.googleTest.RubyTest"/>
</testsuite> <!-- tests.googleTest.RubyTest -->
