<?xml version="1.0" encoding="UTF-8"?>
<!-- Generated by org.testng.reporters.JUnitReportReporter -->
<testsuite skipped="0" hostname="DESKTOP-13JHKE9" name="tests.googleTest.tests.RubyTest" tests="2" failures="0" timestamp="16 мар 2018 12:26:49 GMT" time="103.828" errors="0">
  <testcase name="resultSearchTest" time="101.424" classname="tests.googleTest.tests.RubyTest"/>
  <testcase name="googleSearch" time="2.404" classname="tests.googleTest.tests.RubyTest"/>
</testsuite> <!-- tests.googleTest.tests.RubyTest -->
