<?xml version="1.0" encoding="UTF-8"?>
<!-- Generated by org.testng.reporters.JUnitReportReporter -->
<testsuite skipped="0" hostname="DESKTOP-13JHKE9" name="tests.GoogleTest" tests="2" failures="0" timestamp="16 мар 2018 08:44:28 GMT" time="25.697" errors="0">
  <testcase name="googleSearch" time="2.180" classname="tests.GoogleTest"/>
  <testcase name="resultSearchTest" time="23.517" classname="tests.GoogleTest"/>
</testsuite> <!-- tests.GoogleTest -->
