<?xml version="1.0" encoding="UTF-8"?>
<!-- Generated by org.testng.reporters.JUnitReportReporter -->
<testsuite skipped="0" hostname="DESKTOP-13JHKE9" name="tests.googleTest.TestGmail" tests="3" failures="0" timestamp="16 мар 2018 09:00:38 GMT" time="24.194" errors="0">
  <testcase name="googleSearch" time="2.872" classname="tests.googleTest.TestGmail"/>
  <testcase name="resultSearchTest" time="18.891" classname="tests.googleTest.TestGmail"/>
  <testcase name="gmail" time="2.431" classname="tests.googleTest.TestGmail"/>
</testsuite> <!-- tests.googleTest.TestGmail -->
