<?xml version="1.0" encoding="UTF-8"?>
<!-- Generated by org.testng.reporters.JUnitReportReporter -->
<testsuite skipped="0" hostname="DESKTOP-13JHKE9" name="tests.googleTest.JavaTest" tests="2" failures="0" timestamp="16 мар 2018 09:29:23 GMT" time="61.012" errors="0">
  <testcase name="resultSearchTest" time="57.564" classname="tests.googleTest.JavaTest"/>
  <testcase name="googleSearch" time="3.448" classname="tests.googleTest.JavaTest"/>
</testsuite> <!-- tests.googleTest.JavaTest -->
