<?xml version="1.0" encoding="UTF-8"?>
<!-- Generated by org.testng.reporters.JUnitReportReporter -->
<testsuite skipped="0" hostname="DESKTOP-13JHKE9" name="tests.googleTest.GoogleTest" tests="1" failures="0" timestamp="15 мар 2018 15:00:48 GMT" time="0.000" errors="0">
  <testcase name="googleSearch" time="0.000" classname="tests.googleTest.GoogleTest"/>
</testsuite> <!-- tests.googleTest.GoogleTest -->
