<?xml version="1.0" encoding="UTF-8"?>
<!-- Generated by org.testng.reporters.JUnitReportReporter -->
<testsuite skipped="0" hostname="DESKTOP-13JHKE9" name="tests.googleTest.tests.JavaTest" tests="2" failures="0" timestamp="16 мар 2018 12:26:49 GMT" time="22.925" errors="0">
  <testcase name="resultSearchTest" time="19.434" classname="tests.googleTest.tests.JavaTest"/>
  <testcase name="googleSearch" time="3.491" classname="tests.googleTest.tests.JavaTest"/>
</testsuite> <!-- tests.googleTest.tests.JavaTest -->
